2022-01-09T22:34:32.011+0200	controller/handler.go:24	[GoAdmin] [37;44m 200 [0m [37;104m GET   [0m /karakon/login
2022-01-09T22:34:32.082+0200	controller/handler.go:24	[GoAdmin] [37;44m 200 [0m [37;104m GET   [0m /karakon/assets/login/dist/all.min.css
2022-01-09T22:34:32.090+0200	controller/handler.go:24	[GoAdmin] [37;44m 200 [0m [37;104m GET   [0m /karakon/assets/login/dist/all.min.js
2022-01-09T22:34:53.941+0200	controller/handler.go:24	[GoAdmin] [37;44m 200 [0m [37;104m POST   [0m /karakon/signin
2022-01-09T22:35:19.819+0200	controller/handler.go:24	[GoAdmin] [37;44m 200 [0m [37;104m POST   [0m /karakon/signin
2022-01-09T22:36:35.579+0200	controller/handler.go:24	[GoAdmin] [37;44m 302 [0m [37;104m GET   [0m /karakon/info/generate/new
2022-01-09T22:36:35.589+0200	controller/handler.go:24	[GoAdmin] [37;44m 200 [0m [37;104m GET   [0m /karakon/login
2022-01-09T22:36:35.651+0200	controller/handler.go:24	[GoAdmin] [37;44m 200 [0m [37;104m GET   [0m /karakon/assets/login/dist/all.min.css
2022-01-09T22:36:35.661+0200	controller/handler.go:24	[GoAdmin] [37;44m 200 [0m [37;104m GET   [0m /karakon/assets/login/dist/all.min.js
2022-01-09T22:36:41.698+0200	controller/handler.go:24	[GoAdmin] [37;44m 200 [0m [37;104m POST   [0m /karakon/signin
2022-01-09T22:37:10.823+0200	controller/handler.go:24	[GoAdmin] [37;44m 200 [0m [37;104m GET   [0m /karakon/login
2022-01-09T22:37:12.546+0200	controller/handler.go:24	[GoAdmin] [37;44m 200 [0m [37;104m GET   [0m /karakon/login
2022-01-09T22:37:13.416+0200	controller/handler.go:24	[GoAdmin] [37;44m 200 [0m [37;104m GET   [0m /karakon/login
2022-01-09T22:37:14.296+0200	controller/handler.go:24	[GoAdmin] [37;44m 200 [0m [37;104m GET   [0m /karakon/login
2022-01-09T22:37:57.753+0200	controller/handler.go:24	[GoAdmin] [37;44m 200 [0m [37;104m GET   [0m /karakon/login
2022-01-09T22:37:59.576+0200	controller/handler.go:24	[GoAdmin] [37;44m 200 [0m [37;104m GET   [0m /karakon/login
2022-01-09T22:37:59.618+0200	controller/handler.go:24	[GoAdmin] [37;44m 200 [0m [37;104m GET   [0m /karakon/assets/login/dist/all.min.css
2022-01-09T22:37:59.631+0200	controller/handler.go:24	[GoAdmin] [37;44m 200 [0m [37;104m GET   [0m /karakon/assets/login/dist/all.min.js
2022-01-09T22:38:04.759+0200	controller/handler.go:24	[GoAdmin] [37;44m 200 [0m [37;104m POST   [0m /karakon/signin
2022-01-09T22:49:01.738+0200	controller/handler.go:24	[GoAdmin] [37;44m 200 [0m [37;104m GET   [0m /karakon/login
2022-01-09T22:49:01.843+0200	controller/handler.go:24	[GoAdmin] [37;44m 200 [0m [37;104m GET   [0m /karakon/assets/login/dist/all.min.css
2022-01-09T22:49:01.843+0200	controller/handler.go:24	[GoAdmin] [37;44m 200 [0m [37;104m GET   [0m /karakon/assets/login/dist/all.min.js
2022-01-09T22:49:11.306+0200	controller/handler.go:24	[GoAdmin] [37;44m 200 [0m [37;104m POST   [0m /karakon/signin
2022-01-09T22:49:11.396+0200	controller/handler.go:24	[GoAdmin] [37;44m 200 [0m [37;104m GET   [0m /karakon/assets/dist/js/all.min.8425540791.js
2022-01-09T22:49:11.407+0200	controller/handler.go:24	[GoAdmin] [37;44m 200 [0m [37;104m GET   [0m /karakon/assets/dist/css/all.min.79250b7051.css
2022-01-09T22:49:11.495+0200	controller/handler.go:24	[GoAdmin] [37;44m 200 [0m [37;104m GET   [0m /karakon/assets/dist/js/form.min.f8678914e9.js
2022-01-09T22:49:11.504+0200	controller/handler.go:24	[GoAdmin] [37;44m 200 [0m [37;104m GET   [0m /karakon/assets/dist/js/tree.min.e1faf8b7de.js
2022-01-09T22:49:11.509+0200	controller/handler.go:24	[GoAdmin] [37;44m 200 [0m [37;104m GET   [0m /karakon/assets/dist/js/treeview.min.7780d3bb0f.js
2022-01-09T22:49:11.516+0200	controller/handler.go:24	[GoAdmin] [37;44m 200 [0m [37;104m GET   [0m /karakon/assets/dist/js/datatable.min.581cdc109b.js
2022-01-09T22:49:11.516+0200	controller/handler.go:24	[GoAdmin] [37;44m 200 [0m [37;104m GET   [0m /karakon/assets/chart.min.js
2022-01-09T22:49:11.518+0200	controller/handler.go:24	[GoAdmin] [37;44m 200 [0m [37;104m GET   [0m /karakon/assets/dist/js/all_2.min.38a2a946b0.js
2022-01-09T22:49:11.519+0200	controller/handler.go:24	[GoAdmin] [37;44m 200 [0m [37;104m GET   [0m /karakon/assets/dist/img/avatar04.png
2022-01-09T22:49:11.645+0200	controller/handler.go:24	[GoAdmin] [37;44m 200 [0m [37;104m GET   [0m /karakon/assets/dist/fonts/fontawesome-webfont.woff2
2022-01-09T22:49:11.752+0200	controller/handler.go:24	[GoAdmin] [37;44m 200 [0m [37;104m GET   [0m /karakon/assets/dist/css/fonts/6xK3dSBYKcSV-LCoeQqfX1RYOo3qOK7g.ttf
2022-01-09T22:49:11.803+0200	controller/handler.go:24	[GoAdmin] [37;44m 200 [0m [37;104m GET   [0m /karakon/assets/dist/css/fonts/6xKydSBYKcSV-LCoeQqfX1RYOo3i54rwlxdr.ttf
